[0429/122711.152:ERROR:process_reader_win.cc(151)] SuspendThread: 拒绝访问。 (0x5)
[0429/122711.176:ERROR:exception_snapshot_win.cc(98)] thread ID 2116 not found in process
[0429/122711.177:ERROR:scoped_process_suspend.cc(40)] NtResumeProcess: 已尝试访问正在退出的过程。 (0xc000010a)
[0506/004210.200:ERROR:process_memory_win.cc(73)] ReadMemory at 0x2468528afe0 of 6656 bytes failed: 仅完成部分的 ReadProcessMemory 或 WriteProcessMemory 请求。 (0x12B)
[0506/004210.201:ERROR:process_snapshot_win.cc(322)] failed to read unloaded module data
[0506/004210.204:ERROR:process_memory_win.cc(73)] ReadMemory at 0x2468547d1c0 of 72 bytes failed: 仅完成部分的 ReadProcessMemory 或 WriteProcessMemory 请求。 (0x12B)
[0506/004210.205:WARNING:pe_image_annotations_reader.cc(134)] could not read annotations list object in C:\Program Files (x86)\Google\Chrome\Application\81.0.4044.129\chrome_elf.dll
[0506/004210.207:ERROR:process_memory_win.cc(73)] ReadMemory at 0x246859e8100 of 72 bytes failed: 仅完成部分的 ReadProcessMemory 或 WriteProcessMemory 请求。 (0x12B)
[0506/004210.207:WARNING:pe_image_annotations_reader.cc(134)] could not read annotations list object in C:\Program Files (x86)\Google\Chrome\Application\81.0.4044.129\chrome.dll
[0506/004210.233:ERROR:process_memory_win.cc(73)] ReadMemory at 0x7ff757bc0000 of 64 bytes failed: 仅完成部分的 ReadProcessMemory 或 WriteProcessMemory 请求。 (0x12B)
[0506/004210.233:WARNING:pe_image_reader.cc(340)] could not read dos header from C:\Program Files (x86)\Google\Chrome\Application\chrome.exe
[0506/004210.233:ERROR:process_memory_win.cc(73)] ReadMemory at 0x7ffd752e0000 of 64 bytes failed: 仅完成部分的 ReadProcessMemory 或 WriteProcessMemory 请求。 (0x12B)
[0506/004210.233:WARNING:pe_image_reader.cc(340)] could not read dos header from C:\WINDOWS\SYSTEM32\ntdll.dll
[0506/004210.233:ERROR:process_memory_win.cc(73)] ReadMemory at 0x7ffd743a0000 of 64 bytes failed: 仅完成部分的 ReadProcessMemory 或 WriteProcessMemory 请求。 (0x12B)
[0506/004210.233:WARNING:pe_image_reader.cc(340)] could not read dos header from C:\WINDOWS\System32\KERNEL32.DLL
[0506/004210.233:ERROR:process_memory_win.cc(73)] ReadMemory at 0x7ffd72710000 of 64 bytes failed: 仅完成部分的 ReadProcessMemory 或 WriteProcessMemory 请求。 (0x12B)
[0506/004210.233:WARNING:pe_image_reader.cc(340)] could not read dos header from C:\WINDOWS\System32\KERNELBASE.dll
[0506/004210.233:ERROR:process_memory_win.cc(73)] ReadMemory at 0x7ffd44d50000 of 64 bytes failed: 仅完成部分的 ReadProcessMemory 或 WriteProcessMemory 请求。 (0x12B)
[0506/004210.233:WARNING:pe_image_reader.cc(340)] could not read dos header from C:\Program Files (x86)\Google\Chrome\Application\81.0.4044.129\chrome_elf.dll
[0506/004210.233:ERROR:process_memory_win.cc(73)] ReadMemory at 0x7ffd6abc0000 of 64 bytes failed: 仅完成部分的 ReadProcessMemory 或 WriteProcessMemory 请求。 (0x12B)
[0506/004210.233:WARNING:pe_image_reader.cc(340)] could not read dos header from C:\WINDOWS\SYSTEM32\VERSION.dll
[0506/004210.233:ERROR:process_memory_win.cc(73)] ReadMemory at 0x7ffd73960000 of 64 bytes failed: 仅完成部分的 ReadProcessMemory 或 WriteProcessMemory 请求。 (0x12B)
[0506/004210.233:WARNING:pe_image_reader.cc(340)] could not read dos header from C:\WINDOWS\System32\msvcrt.dll
[0506/004210.233:ERROR:process_memory_win.cc(73)] ReadMemory at 0x7ffd72320000 of 64 bytes failed: 仅完成部分的 ReadProcessMemory 或 WriteProcessMemory 请求。 (0x12B)
[0506/004210.233:WARNING:pe_image_reader.cc(340)] could not read dos header from C:\WINDOWS\System32\bcryptPrimitives.dll
[0506/004210.233:ERROR:process_memory_win.cc(73)] ReadMemory at 0x7ffd73d30000 of 64 bytes failed: 仅完成部分的 ReadProcessMemory 或 WriteProcessMemory 请求。 (0x12B)
[0506/004210.233:WARNING:pe_image_reader.cc(340)] could not read dos header from C:\WINDOWS\System32\ADVAPI32.dll
[0506/004210.234:ERROR:process_memory_win.cc(73)] ReadMemory at 0x7ffd741d0000 of 64 bytes failed: 仅完成部分的 ReadProcessMemory 或 WriteProcessMemory 请求。 (0x12B)
[0506/004210.234:WARNING:pe_image_reader.cc(340)] could not read dos header from C:\WINDOWS\System32\sechost.dll
[0506/004210.234:ERROR:process_memory_win.cc(73)] ReadMemory at 0x7ffd73ec0000 of 64 bytes failed: 仅完成部分的 ReadProcessMemory 或 WriteProcessMemory 请求。 (0x12B)
[0506/004210.234:WARNING:pe_image_reader.cc(340)] could not read dos header from C:\WINDOWS\System32\RPCRT4.dll
[0506/004210.234:ERROR:process_memory_win.cc(73)] ReadMemory at 0x7ffd22860000 of 64 bytes failed: 仅完成部分的 ReadProcessMemory 或 WriteProcessMemory 请求。 (0x12B)
[0506/004210.234:WARNING:pe_image_reader.cc(340)] could not read dos header from C:\Program Files (x86)\Google\Chrome\Application\81.0.4044.129\chrome.dll
[0506/004210.234:ERROR:process_memory_win.cc(73)] ReadMemory at 0x7ffd73ab0000 of 64 bytes failed: 仅完成部分的 ReadProcessMemory 或 WriteProcessMemory 请求。 (0x12B)
[0506/004210.234:WARNING:pe_image_reader.cc(340)] could not read dos header from C:\WINDOWS\System32\WS2_32.dll
[0506/004210.234:ERROR:process_memory_win.cc(73)] ReadMemory at 0x7ffd733f0000 of 64 bytes failed: 仅完成部分的 ReadProcessMemory 或 WriteProcessMemory 请求。 (0x12B)
[0506/004210.234:WARNING:pe_image_reader.cc(340)] could not read dos header from C:\WINDOWS\System32\OLEAUT32.dll
[0506/004210.234:ERROR:process_memory_win.cc(73)] ReadMemory at 0x7ffd731f0000 of 64 bytes failed: 仅完成部分的 ReadProcessMemory 或 WriteProcessMemory 请求。 (0x12B)
[0506/004210.234:WARNING:pe_image_reader.cc(340)] could not read dos header from C:\WINDOWS\System32\msvcp_win.dll
[0506/004210.234:ERROR:process_memory_win.cc(73)] ReadMemory at 0x7ffd73290000 of 64 bytes failed: 仅完成部分的 ReadProcessMemory 或 WriteProcessMemory 请求。 (0x12B)
[0506/004210.234:WARNING:pe_image_reader.cc(340)] could not read dos header from C:\WINDOWS\System32\ucrtbase.dll
[0506/004210.234:ERROR:process_memory_win.cc(73)] ReadMemory at 0x7ffd74520000 of 64 bytes failed: 仅完成部分的 ReadProcessMemory 或 WriteProcessMemory 请求。 (0x12B)
[0506/004210.234:WARNING:pe_image_reader.cc(340)] could not read dos header from C:\WINDOWS\System32\combase.dll
[0506/004210.234:ERROR:process_memory_win.cc(73)] ReadMemory at 0x7ffd73190000 of 64 bytes failed: 仅完成部分的 ReadProcessMemory 或 WriteProcessMemory 请求。 (0x12B)
[0506/004210.234:WARNING:pe_image_reader.cc(340)] could not read dos header from C:\WINDOWS\System32\WINTRUST.dll
[0506/004210.234:ERROR:process_memory_win.cc(73)] ReadMemory at 0x7ffd721d0000 of 64 bytes failed: 仅完成部分的 ReadProcessMemory 或 WriteProcessMemory 请求。 (0x12B)
[0506/004210.234:WARNING:pe_image_reader.cc(340)] could not read dos header from C:\WINDOWS\System32\MSASN1.dll
[0506/004210.234:ERROR:process_memory_win.cc(73)] ReadMemory at 0x7ffd723a0000 of 64 bytes failed: 仅完成部分的 ReadProcessMemory 或 WriteProcessMemory 请求。 (0x12B)
[0506/004210.234:WARNING:pe_image_reader.cc(340)] could not read dos header from C:\WINDOWS\System32\CRYPT32.dll
[0506/004210.234:ERROR:process_memory_win.cc(73)] ReadMemory at 0x7ffd71720000 of 64 bytes failed: 仅完成部分的 ReadProcessMemory 或 WriteProcessMemory 请求。 (0x12B)
[0506/004210.234:WARNING:pe_image_reader.cc(340)] could not read dos header from C:\WINDOWS\SYSTEM32\IPHLPAPI.DLL
[0506/004210.234:ERROR:process_memory_win.cc(73)] ReadMemory at 0x7ffd70110000 of 64 bytes failed: 仅完成部分的 ReadProcessMemory 或 WriteProcessMemory 请求。 (0x12B)
[0506/004210.234:WARNING:pe_image_reader.cc(340)] could not read dos header from C:\WINDOWS\SYSTEM32\WINMM.dll
[0506/004210.234:ERROR:process_memory_win.cc(73)] ReadMemory at 0x7ffd5ee10000 of 64 bytes failed: 仅完成部分的 ReadProcessMemory 或 WriteProcessMemory 请求。 (0x12B)
[0506/004210.234:WARNING:pe_image_reader.cc(340)] could not read dos header from C:\WINDOWS\SYSTEM32\Secur32.dll
[0506/004210.234:ERROR:process_memory_win.cc(73)] ReadMemory at 0x7ffd720c0000 of 64 bytes failed: 仅完成部分的 ReadProcessMemory 或 WriteProcessMemory 请求。 (0x12B)
[0506/004210.234:WARNING:pe_image_reader.cc(340)] could not read dos header from C:\WINDOWS\SYSTEM32\USERENV.dll
[0506/004210.234:ERROR:process_memory_win.cc(73)] ReadMemory at 0x7ffd721f0000 of 64 bytes failed: 仅完成部分的 ReadProcessMemory 或 WriteProcessMemory 请求。 (0x12B)
[0506/004210.235:WARNING:pe_image_reader.cc(340)] could not read dos header from C:\WINDOWS\System32\profapi.dll
[0506/004210.235:ERROR:process_memory_win.cc(73)] ReadMemory at 0x7ffd4a0d0000 of 64 bytes failed: 仅完成部分的 ReadProcessMemory 或 WriteProcessMemory 请求。 (0x12B)
[0506/004210.235:WARNING:pe_image_reader.cc(340)] could not read dos header from C:\WINDOWS\SYSTEM32\UIAutomationCore.DLL
[0506/004210.235:ERROR:process_memory_win.cc(73)] ReadMemory at 0x7ffd53630000 of 64 bytes failed: 仅完成部分的 ReadProcessMemory 或 WriteProcessMemory 请求。 (0x12B)
[0506/004210.235:WARNING:pe_image_reader.cc(340)] could not read dos header from C:\WINDOWS\SYSTEM32\DWrite.dll
[0506/004210.235:ERROR:process_memory_win.cc(73)] ReadMemory at 0x7ffd68c50000 of 64 bytes failed: 仅完成部分的 ReadProcessMemory 或 WriteProcessMemory 请求。 (0x12B)
[0506/004210.235:WARNING:pe_image_reader.cc(340)] could not read dos header from C:\WINDOWS\SYSTEM32\WINSPOOL.DRV
[0506/004210.235:ERROR:process_memory_win.cc(73)] ReadMemory at 0x7ffd721b0000 of 64 bytes failed: 仅完成部分的 ReadProcessMemory 或 WriteProcessMemory 请求。 (0x12B)
[0506/004210.235:WARNING:pe_image_reader.cc(340)] could not read dos header from C:\WINDOWS\System32\kernel.appcore.dll
[0506/004210.235:ERROR:process_memory_win.cc(73)] ReadMemory at 0x7ffd72540000 of 64 bytes failed: 仅完成部分的 ReadProcessMemory 或 WriteProcessMemory 请求。 (0x12B)
[0506/004210.235:WARNING:pe_image_reader.cc(340)] could not read dos header from C:\WINDOWS\System32\bcrypt.dll
[0506/004210.235:ERROR:process_memory_win.cc(73)] ReadMemory at 0x7ffd600b0000 of 64 bytes failed: 仅完成部分的 ReadProcessMemory 或 WriteProcessMemory 请求。 (0x12B)
[0506/004210.235:WARNING:pe_image_reader.cc(340)] could not read dos header from C:\WINDOWS\SYSTEM32\dbghelp.dll
[0506/004210.235:ERROR:process_memory_win.cc(73)] ReadMemory at 0x7ffd69a60000 of 64 bytes failed: 仅完成部分的 ReadProcessMemory 或 WriteProcessMemory 请求。 (0x12B)
[0506/004210.235:WARNING:pe_image_reader.cc(340)] could not read dos header from C:\WINDOWS\SYSTEM32\WINHTTP.dll
[0506/004210.235:ERROR:process_memory_win.cc(73)] ReadMemory at 0x7ffd6ac30000 of 64 bytes failed: 仅完成部分的 ReadProcessMemory 或 WriteProcessMemory 请求。 (0x12B)
[0506/004210.235:WARNING:pe_image_reader.cc(340)] could not read dos header from C:\WINDOWS\SYSTEM32\dhcpcsvc.DLL
[0506/004210.235:ERROR:process_memory_win.cc(73)] ReadMemory at 0x7ffd73fe0000 of 64 bytes failed: 仅完成部分的 ReadProcessMemory 或 WriteProcessMemory 请求。 (0x12B)
[0506/004210.235:WARNING:pe_image_reader.cc(340)] could not read dos header from C:\WINDOWS\System32\NSI.dll
[0506/004210.235:ERROR:process_memory_win.cc(73)] ReadMemory at 0x7ffd700e0000 of 64 bytes failed: 仅完成部分的 ReadProcessMemory 或 WriteProcessMemory 请求。 (0x12B)
[0506/004210.235:WARNING:pe_image_reader.cc(340)] could not read dos header from C:\WINDOWS\SYSTEM32\WINMMBASE.dll
[0506/004210.235:ERROR:process_memory_win.cc(73)] ReadMemory at 0x7ffd724f0000 of 64 bytes failed: 仅完成部分的 ReadProcessMemory 或 WriteProcessMemory 请求。 (0x12B)
[0506/004210.235:WARNING:pe_image_reader.cc(340)] could not read dos header from C:\WINDOWS\System32\cfgmgr32.dll
[0506/004210.235:ERROR:process_memory_win.cc(73)] ReadMemory at 0x7ffd6e810000 of 64 bytes failed: 仅完成部分的 ReadProcessMemory 或 WriteProcessMemory 请求。 (0x12B)
[0506/004210.235:WARNING:pe_image_reader.cc(340)] could not read dos header from C:\WINDOWS\SYSTEM32\PROPSYS.dll
[0506/004210.235:ERROR:process_memory_win.cc(73)] ReadMemory at 0x7ffd73a00000 of 64 bytes failed: 仅完成部分的 ReadProcessMemory 或 WriteProcessMemory 请求。 (0x12B)
[0506/004210.235:WARNING:pe_image_reader.cc(340)] could not read dos header from C:\WINDOWS\System32\shcore.dll
[0506/004210.235:ERROR:process_memory_win.cc(73)] ReadMemory at 0x7ffd72090000 of 64 bytes failed: 仅完成部分的 ReadProcessMemory 或 WriteProcessMemory 请求。 (0x12B)
[0506/004210.235:WARNING:pe_image_reader.cc(340)] could not read dos header from C:\WINDOWS\SYSTEM32\SSPICLI.DLL
[0506/004210.235:ERROR:process_memory_win.cc(73)] ReadMemory at 0x7ffd71be0000 of 64 bytes failed: 仅完成部分的 ReadProcessMemory 或 WriteProcessMemory 请求。 (0x12B)
[0506/004210.235:WARNING:pe_image_reader.cc(340)] could not read dos header from C:\WINDOWS\SYSTEM32\CRYPTBASE.DLL
[0506/004210.238:ERROR:process_memory_win.cc(73)] ReadMemory at 0x7ff757bc0000 of 64 bytes failed: 仅完成部分的 ReadProcessMemory 或 WriteProcessMemory 请求。 (0x12B)
[0506/004210.238:WARNING:pe_image_reader.cc(340)] could not read dos header from C:\Program Files (x86)\Google\Chrome\Application\chrome.exe
[0506/004210.238:ERROR:process_memory_win.cc(73)] ReadMemory at 0x7ffd752e0000 of 64 bytes failed: 仅完成部分的 ReadProcessMemory 或 WriteProcessMemory 请求。 (0x12B)
[0506/004210.238:WARNING:pe_image_reader.cc(340)] could not read dos header from C:\WINDOWS\SYSTEM32\ntdll.dll
[0506/004210.238:ERROR:process_memory_win.cc(73)] ReadMemory at 0x7ffd743a0000 of 64 bytes failed: 仅完成部分的 ReadProcessMemory 或 WriteProcessMemory 请求。 (0x12B)
[0506/004210.238:WARNING:pe_image_reader.cc(340)] could not read dos header from C:\WINDOWS\System32\KERNEL32.DLL
[0506/004210.238:ERROR:process_memory_win.cc(73)] ReadMemory at 0x7ffd72710000 of 64 bytes failed: 仅完成部分的 ReadProcessMemory 或 WriteProcessMemory 请求。 (0x12B)
[0506/004210.238:WARNING:pe_image_reader.cc(340)] could not read dos header from C:\WINDOWS\System32\KERNELBASE.dll
[0506/004210.238:ERROR:process_memory_win.cc(73)] ReadMemory at 0x7ffd44d50000 of 64 bytes failed: 仅完成部分的 ReadProcessMemory 或 WriteProcessMemory 请求。 (0x12B)
[0506/004210.238:WARNING:pe_image_reader.cc(340)] could not read dos header from C:\Program Files (x86)\Google\Chrome\Application\81.0.4044.129\chrome_elf.dll
[0506/004210.238:ERROR:process_memory_win.cc(73)] ReadMemory at 0x7ffd6abc0000 of 64 bytes failed: 仅完成部分的 ReadProcessMemory 或 WriteProcessMemory 请求。 (0x12B)
[0506/004210.238:WARNING:pe_image_reader.cc(340)] could not read dos header from C:\WINDOWS\SYSTEM32\VERSION.dll
[0506/004210.238:ERROR:process_memory_win.cc(73)] ReadMemory at 0x7ffd73960000 of 64 bytes failed: 仅完成部分的 ReadProcessMemory 或 WriteProcessMemory 请求。 (0x12B)
[0506/004210.238:WARNING:pe_image_reader.cc(340)] could not read dos header from C:\WINDOWS\System32\msvcrt.dll
[0506/004210.238:ERROR:process_memory_win.cc(73)] ReadMemory at 0x7ffd72320000 of 64 bytes failed: 仅完成部分的 ReadProcessMemory 或 WriteProcessMemory 请求。 (0x12B)
[0506/004210.238:WARNING:pe_image_reader.cc(340)] could not read dos header from C:\WINDOWS\System32\bcryptPrimitives.dll
[0506/004210.238:ERROR:process_memory_win.cc(73)] ReadMemory at 0x7ffd73d30000 of 64 bytes failed: 仅完成部分的 ReadProcessMemory 或 WriteProcessMemory 请求。 (0x12B)
[0506/004210.238:WARNING:pe_image_reader.cc(340)] could not read dos header from C:\WINDOWS\System32\ADVAPI32.dll
[0506/004210.238:ERROR:process_memory_win.cc(73)] ReadMemory at 0x7ffd741d0000 of 64 bytes failed: 仅完成部分的 ReadProcessMemory 或 WriteProcessMemory 请求。 (0x12B)
[0506/004210.238:WARNING:pe_image_reader.cc(340)] could not read dos header from C:\WINDOWS\System32\sechost.dll
[0506/004210.239:ERROR:process_memory_win.cc(73)] ReadMemory at 0x7ffd73ec0000 of 64 bytes failed: 仅完成部分的 ReadProcessMemory 或 WriteProcessMemory 请求。 (0x12B)
[0506/004210.239:WARNING:pe_image_reader.cc(340)] could not read dos header from C:\WINDOWS\System32\RPCRT4.dll
[0506/004210.239:ERROR:process_memory_win.cc(73)] ReadMemory at 0x7ffd22860000 of 64 bytes failed: 仅完成部分的 ReadProcessMemory 或 WriteProcessMemory 请求。 (0x12B)
[0506/004210.239:WARNING:pe_image_reader.cc(340)] could not read dos header from C:\Program Files (x86)\Google\Chrome\Application\81.0.4044.129\chrome.dll
[0506/004210.239:ERROR:process_memory_win.cc(73)] ReadMemory at 0x7ffd73ab0000 of 64 bytes failed: 仅完成部分的 ReadProcessMemory 或 WriteProcessMemory 请求。 (0x12B)
[0506/004210.239:WARNING:pe_image_reader.cc(340)] could not read dos header from C:\WINDOWS\System32\WS2_32.dll
[0506/004210.239:ERROR:process_memory_win.cc(73)] ReadMemory at 0x7ffd733f0000 of 64 bytes failed: 仅完成部分的 ReadProcessMemory 或 WriteProcessMemory 请求。 (0x12B)
[0506/004210.239:WARNING:pe_image_reader.cc(340)] could not read dos header from C:\WINDOWS\System32\OLEAUT32.dll
[0506/004210.239:ERROR:process_memory_win.cc(73)] ReadMemory at 0x7ffd731f0000 of 64 bytes failed: 仅完成部分的 ReadProcessMemory 或 WriteProcessMemory 请求。 (0x12B)
[0506/004210.239:WARNING:pe_image_reader.cc(340)] could not read dos header from C:\WINDOWS\System32\msvcp_win.dll
[0506/004210.239:ERROR:process_memory_win.cc(73)] ReadMemory at 0x7ffd73290000 of 64 bytes failed: 仅完成部分的 ReadProcessMemory 或 WriteProcessMemory 请求。 (0x12B)
[0506/004210.239:WARNING:pe_image_reader.cc(340)] could not read dos header from C:\WINDOWS\System32\ucrtbase.dll
[0506/004210.239:ERROR:process_memory_win.cc(73)] ReadMemory at 0x7ffd74520000 of 64 bytes failed: 仅完成部分的 ReadProcessMemory 或 WriteProcessMemory 请求。 (0x12B)
[0506/004210.239:WARNING:pe_image_reader.cc(340)] could not read dos header from C:\WINDOWS\System32\combase.dll
[0506/004210.239:ERROR:process_memory_win.cc(73)] ReadMemory at 0x7ffd73190000 of 64 bytes failed: 仅完成部分的 ReadProcessMemory 或 WriteProcessMemory 请求。 (0x12B)
[0506/004210.239:WARNING:pe_image_reader.cc(340)] could not read dos header from C:\WINDOWS\System32\WINTRUST.dll
[0506/004210.239:ERROR:process_memory_win.cc(73)] ReadMemory at 0x7ffd721d0000 of 64 bytes failed: 仅完成部分的 ReadProcessMemory 或 WriteProcessMemory 请求。 (0x12B)
[0506/004210.239:WARNING:pe_image_reader.cc(340)] could not read dos header from C:\WINDOWS\System32\MSASN1.dll
[0506/004210.239:ERROR:process_memory_win.cc(73)] ReadMemory at 0x7ffd723a0000 of 64 bytes failed: 仅完成部分的 ReadProcessMemory 或 WriteProcessMemory 请求。 (0x12B)
[0506/004210.239:WARNING:pe_image_reader.cc(340)] could not read dos header from C:\WINDOWS\System32\CRYPT32.dll
[0506/004210.239:ERROR:process_memory_win.cc(73)] ReadMemory at 0x7ffd71720000 of 64 bytes failed: 仅完成部分的 ReadProcessMemory 或 WriteProcessMemory 请求。 (0x12B)
[0506/004210.239:WARNING:pe_image_reader.cc(340)] could not read dos header from C:\WINDOWS\SYSTEM32\IPHLPAPI.DLL
[0506/004210.239:ERROR:process_memory_win.cc(73)] ReadMemory at 0x7ffd70110000 of 64 bytes failed: 仅完成部分的 ReadProcessMemory 或 WriteProcessMemory 请求。 (0x12B)
[0506/004210.239:WARNING:pe_image_reader.cc(340)] could not read dos header from C:\WINDOWS\SYSTEM32\WINMM.dll
[0506/004210.240:ERROR:process_memory_win.cc(73)] ReadMemory at 0x7ffd5ee10000 of 64 bytes failed: 仅完成部分的 ReadProcessMemory 或 WriteProcessMemory 请求。 (0x12B)
[0506/004210.240:WARNING:pe_image_reader.cc(340)] could not read dos header from C:\WINDOWS\SYSTEM32\Secur32.dll
[0506/004210.240:ERROR:process_memory_win.cc(73)] ReadMemory at 0x7ffd720c0000 of 64 bytes failed: 仅完成部分的 ReadProcessMemory 或 WriteProcessMemory 请求。 (0x12B)
[0506/004210.240:WARNING:pe_image_reader.cc(340)] could not read dos header from C:\WINDOWS\SYSTEM32\USERENV.dll
[0506/004210.240:ERROR:process_memory_win.cc(73)] ReadMemory at 0x7ffd721f0000 of 64 bytes failed: 仅完成部分的 ReadProcessMemory 或 WriteProcessMemory 请求。 (0x12B)
[0506/004210.240:WARNING:pe_image_reader.cc(340)] could not read dos header from C:\WINDOWS\System32\profapi.dll
[0506/004210.240:ERROR:process_memory_win.cc(73)] ReadMemory at 0x7ffd4a0d0000 of 64 bytes failed: 仅完成部分的 ReadProcessMemory 或 WriteProcessMemory 请求。 (0x12B)
[0506/004210.240:WARNING:pe_image_reader.cc(340)] could not read dos header from C:\WINDOWS\SYSTEM32\UIAutomationCore.DLL
[0506/004210.240:ERROR:process_memory_win.cc(73)] ReadMemory at 0x7ffd53630000 of 64 bytes failed: 仅完成部分的 ReadProcessMemory 或 WriteProcessMemory 请求。 (0x12B)
[0506/004210.240:WARNING:pe_image_reader.cc(340)] could not read dos header from C:\WINDOWS\SYSTEM32\DWrite.dll
[0506/004210.240:ERROR:process_memory_win.cc(73)] ReadMemory at 0x7ffd68c50000 of 64 bytes failed: 仅完成部分的 ReadProcessMemory 或 WriteProcessMemory 请求。 (0x12B)
[0506/004210.240:WARNING:pe_image_reader.cc(340)] could not read dos header from C:\WINDOWS\SYSTEM32\WINSPOOL.DRV
[0506/004210.240:ERROR:process_memory_win.cc(73)] ReadMemory at 0x7ffd721b0000 of 64 bytes failed: 仅完成部分的 ReadProcessMemory 或 WriteProcessMemory 请求。 (0x12B)
[0506/004210.240:WARNING:pe_image_reader.cc(340)] could not read dos header from C:\WINDOWS\System32\kernel.appcore.dll
[0506/004210.240:ERROR:process_memory_win.cc(73)] ReadMemory at 0x7ffd72540000 of 64 bytes failed: 仅完成部分的 ReadProcessMemory 或 WriteProcessMemory 请求。 (0x12B)
[0506/004210.240:WARNING:pe_image_reader.cc(340)] could not read dos header from C:\WINDOWS\System32\bcrypt.dll
[0506/004210.240:ERROR:process_memory_win.cc(73)] ReadMemory at 0x7ffd600b0000 of 64 bytes failed: 仅完成部分的 ReadProcessMemory 或 WriteProcessMemory 请求。 (0x12B)
[0506/004210.240:WARNING:pe_image_reader.cc(340)] could not read dos header from C:\WINDOWS\SYSTEM32\dbghelp.dll
[0506/004210.240:ERROR:process_memory_win.cc(73)] ReadMemory at 0x7ffd69a60000 of 64 bytes failed: 仅完成部分的 ReadProcessMemory 或 WriteProcessMemory 请求。 (0x12B)
[0506/004210.241:WARNING:pe_image_reader.cc(340)] could not read dos header from C:\WINDOWS\SYSTEM32\WINHTTP.dll
[0506/004210.241:ERROR:process_memory_win.cc(73)] ReadMemory at 0x7ffd6ac30000 of 64 bytes failed: 仅完成部分的 ReadProcessMemory 或 WriteProcessMemory 请求。 (0x12B)
[0506/004210.241:WARNING:pe_image_reader.cc(340)] could not read dos header from C:\WINDOWS\SYSTEM32\dhcpcsvc.DLL
[0506/004210.241:ERROR:process_memory_win.cc(73)] ReadMemory at 0x7ffd73fe0000 of 64 bytes failed: 仅完成部分的 ReadProcessMemory 或 WriteProcessMemory 请求。 (0x12B)
[0506/004210.241:WARNING:pe_image_reader.cc(340)] could not read dos header from C:\WINDOWS\System32\NSI.dll
[0506/004210.241:ERROR:process_memory_win.cc(73)] ReadMemory at 0x7ffd700e0000 of 64 bytes failed: 仅完成部分的 ReadProcessMemory 或 WriteProcessMemory 请求。 (0x12B)
[0506/004210.241:WARNING:pe_image_reader.cc(340)] could not read dos header from C:\WINDOWS\SYSTEM32\WINMMBASE.dll
[0506/004210.241:ERROR:process_memory_win.cc(73)] ReadMemory at 0x7ffd724f0000 of 64 bytes failed: 仅完成部分的 ReadProcessMemory 或 WriteProcessMemory 请求。 (0x12B)
[0506/004210.241:WARNING:pe_image_reader.cc(340)] could not read dos header from C:\WINDOWS\System32\cfgmgr32.dll
[0506/004210.241:ERROR:process_memory_win.cc(73)] ReadMemory at 0x7ffd6e810000 of 64 bytes failed: 仅完成部分的 ReadProcessMemory 或 WriteProcessMemory 请求。 (0x12B)
[0506/004210.241:WARNING:pe_image_reader.cc(340)] could not read dos header from C:\WINDOWS\SYSTEM32\PROPSYS.dll
[0506/004210.241:ERROR:process_memory_win.cc(73)] ReadMemory at 0x7ffd73a00000 of 64 bytes failed: 仅完成部分的 ReadProcessMemory 或 WriteProcessMemory 请求。 (0x12B)
[0506/004210.241:WARNING:pe_image_reader.cc(340)] could not read dos header from C:\WINDOWS\System32\shcore.dll
[0506/004210.241:ERROR:process_memory_win.cc(73)] ReadMemory at 0x7ffd72090000 of 64 bytes failed: 仅完成部分的 ReadProcessMemory 或 WriteProcessMemory 请求。 (0x12B)
[0506/004210.241:WARNING:pe_image_reader.cc(340)] could not read dos header from C:\WINDOWS\SYSTEM32\SSPICLI.DLL
[0506/004210.241:ERROR:process_memory_win.cc(73)] ReadMemory at 0x7ffd71be0000 of 64 bytes failed: 仅完成部分的 ReadProcessMemory 或 WriteProcessMemory 请求。 (0x12B)
[0506/004210.241:WARNING:pe_image_reader.cc(340)] could not read dos header from C:\WINDOWS\SYSTEM32\CRYPTBASE.DLL
[0506/004210.242:ERROR:process_memory_win.cc(73)] ReadMemory at 0x7ff757bc0000 of 64 bytes failed: 仅完成部分的 ReadProcessMemory 或 WriteProcessMemory 请求。 (0x12B)
[0506/004210.242:WARNING:pe_image_reader.cc(340)] could not read dos header from C:\Program Files (x86)\Google\Chrome\Application\chrome.exe
[0506/004210.242:ERROR:process_memory_win.cc(73)] ReadMemory at 0x7ffd752e0000 of 64 bytes failed: 仅完成部分的 ReadProcessMemory 或 WriteProcessMemory 请求。 (0x12B)
[0506/004210.242:WARNING:pe_image_reader.cc(340)] could not read dos header from C:\WINDOWS\SYSTEM32\ntdll.dll
[0506/004210.242:ERROR:process_memory_win.cc(73)] ReadMemory at 0x7ffd743a0000 of 64 bytes failed: 仅完成部分的 ReadProcessMemory 或 WriteProcessMemory 请求。 (0x12B)
[0506/004210.242:WARNING:pe_image_reader.cc(340)] could not read dos header from C:\WINDOWS\System32\KERNEL32.DLL
[0506/004210.242:ERROR:process_memory_win.cc(73)] ReadMemory at 0x7ffd72710000 of 64 bytes failed: 仅完成部分的 ReadProcessMemory 或 WriteProcessMemory 请求。 (0x12B)
[0506/004210.242:WARNING:pe_image_reader.cc(340)] could not read dos header from C:\WINDOWS\System32\KERNELBASE.dll
[0506/004210.242:ERROR:process_memory_win.cc(73)] ReadMemory at 0x7ffd44d50000 of 64 bytes failed: 仅完成部分的 ReadProcessMemory 或 WriteProcessMemory 请求。 (0x12B)
[0506/004210.242:WARNING:pe_image_reader.cc(340)] could not read dos header from C:\Program Files (x86)\Google\Chrome\Application\81.0.4044.129\chrome_elf.dll
[0506/004210.242:ERROR:process_memory_win.cc(73)] ReadMemory at 0x7ffd6abc0000 of 64 bytes failed: 仅完成部分的 ReadProcessMemory 或 WriteProcessMemory 请求。 (0x12B)
[0506/004210.242:WARNING:pe_image_reader.cc(340)] could not read dos header from C:\WINDOWS\SYSTEM32\VERSION.dll
[0506/004210.242:ERROR:process_memory_win.cc(73)] ReadMemory at 0x7ffd73960000 of 64 bytes failed: 仅完成部分的 ReadProcessMemory 或 WriteProcessMemory 请求。 (0x12B)
[0506/004210.242:WARNING:pe_image_reader.cc(340)] could not read dos header from C:\WINDOWS\System32\msvcrt.dll
[0506/004210.242:ERROR:process_memory_win.cc(73)] ReadMemory at 0x7ffd72320000 of 64 bytes failed: 仅完成部分的 ReadProcessMemory 或 WriteProcessMemory 请求。 (0x12B)
[0506/004210.242:WARNING:pe_image_reader.cc(340)] could not read dos header from C:\WINDOWS\System32\bcryptPrimitives.dll
[0506/004210.242:ERROR:process_memory_win.cc(73)] ReadMemory at 0x7ffd73d30000 of 64 bytes failed: 仅完成部分的 ReadProcessMemory 或 WriteProcessMemory 请求。 (0x12B)
[0506/004210.242:WARNING:pe_image_reader.cc(340)] could not read dos header from C:\WINDOWS\System32\ADVAPI32.dll
[0506/004210.242:ERROR:process_memory_win.cc(73)] ReadMemory at 0x7ffd741d0000 of 64 bytes failed: 仅完成部分的 ReadProcessMemory 或 WriteProcessMemory 请求。 (0x12B)
[0506/004210.242:WARNING:pe_image_reader.cc(340)] could not read dos header from C:\WINDOWS\System32\sechost.dll
[0506/004210.242:ERROR:process_memory_win.cc(73)] ReadMemory at 0x7ffd73ec0000 of 64 bytes failed: 仅完成部分的 ReadProcessMemory 或 WriteProcessMemory 请求。 (0x12B)
[0506/004210.242:WARNING:pe_image_reader.cc(340)] could not read dos header from C:\WINDOWS\System32\RPCRT4.dll
[0506/004210.242:ERROR:process_memory_win.cc(73)] ReadMemory at 0x7ffd22860000 of 64 bytes failed: 仅完成部分的 ReadProcessMemory 或 WriteProcessMemory 请求。 (0x12B)
[0506/004210.242:WARNING:pe_image_reader.cc(340)] could not read dos header from C:\Program Files (x86)\Google\Chrome\Application\81.0.4044.129\chrome.dll
[0506/004210.242:ERROR:process_memory_win.cc(73)] ReadMemory at 0x7ffd73ab0000 of 64 bytes failed: 仅完成部分的 ReadProcessMemory 或 WriteProcessMemory 请求。 (0x12B)
[0506/004210.242:WARNING:pe_image_reader.cc(340)] could not read dos header from C:\WINDOWS\System32\WS2_32.dll
[0506/004210.243:ERROR:process_memory_win.cc(73)] ReadMemory at 0x7ffd733f0000 of 64 bytes failed: 仅完成部分的 ReadProcessMemory 或 WriteProcessMemory 请求。 (0x12B)
[0506/004210.243:WARNING:pe_image_reader.cc(340)] could not read dos header from C:\WINDOWS\System32\OLEAUT32.dll
[0506/004210.243:ERROR:process_memory_win.cc(73)] ReadMemory at 0x7ffd731f0000 of 64 bytes failed: 仅完成部分的 ReadProcessMemory 或 WriteProcessMemory 请求。 (0x12B)
[0506/004210.243:WARNING:pe_image_reader.cc(340)] could not read dos header from C:\WINDOWS\System32\msvcp_win.dll
[0506/004210.243:ERROR:process_memory_win.cc(73)] ReadMemory at 0x7ffd73290000 of 64 bytes failed: 仅完成部分的 ReadProcessMemory 或 WriteProcessMemory 请求。 (0x12B)
[0506/004210.243:WARNING:pe_image_reader.cc(340)] could not read dos header from C:\WINDOWS\System32\ucrtbase.dll
[0506/004210.243:ERROR:process_memory_win.cc(73)] ReadMemory at 0x7ffd74520000 of 64 bytes failed: 仅完成部分的 ReadProcessMemory 或 WriteProcessMemory 请求。 (0x12B)
[0506/004210.243:WARNING:pe_image_reader.cc(340)] could not read dos header from C:\WINDOWS\System32\combase.dll
[0506/004210.243:ERROR:process_memory_win.cc(73)] ReadMemory at 0x7ffd73190000 of 64 bytes failed: 仅完成部分的 ReadProcessMemory 或 WriteProcessMemory 请求。 (0x12B)
[0506/004210.243:WARNING:pe_image_reader.cc(340)] could not read dos header from C:\WINDOWS\System32\WINTRUST.dll
[0506/004210.243:ERROR:process_memory_win.cc(73)] ReadMemory at 0x7ffd721d0000 of 64 bytes failed: 仅完成部分的 ReadProcessMemory 或 WriteProcessMemory 请求。 (0x12B)
[0506/004210.243:WARNING:pe_image_reader.cc(340)] could not read dos header from C:\WINDOWS\System32\MSASN1.dll
[0506/004210.243:ERROR:process_memory_win.cc(73)] ReadMemory at 0x7ffd723a0000 of 64 bytes failed: 仅完成部分的 ReadProcessMemory 或 WriteProcessMemory 请求。 (0x12B)
[0506/004210.243:WARNING:pe_image_reader.cc(340)] could not read dos header from C:\WINDOWS\System32\CRYPT32.dll
[0506/004210.243:ERROR:process_memory_win.cc(73)] ReadMemory at 0x7ffd71720000 of 64 bytes failed: 仅完成部分的 ReadProcessMemory 或 WriteProcessMemory 请求。 (0x12B)
[0506/004210.243:WARNING:pe_image_reader.cc(340)] could not read dos header from C:\WINDOWS\SYSTEM32\IPHLPAPI.DLL
[0506/004210.244:ERROR:process_memory_win.cc(73)] ReadMemory at 0x7ffd70110000 of 64 bytes failed: 仅完成部分的 ReadProcessMemory 或 WriteProcessMemory 请求。 (0x12B)
[0506/004210.244:WARNING:pe_image_reader.cc(340)] could not read dos header from C:\WINDOWS\SYSTEM32\WINMM.dll
[0506/004210.244:ERROR:process_memory_win.cc(73)] ReadMemory at 0x7ffd5ee10000 of 64 bytes failed: 仅完成部分的 ReadProcessMemory 或 WriteProcessMemory 请求。 (0x12B)
[0506/004210.244:WARNING:pe_image_reader.cc(340)] could not read dos header from C:\WINDOWS\SYSTEM32\Secur32.dll
[0506/004210.244:ERROR:process_memory_win.cc(73)] ReadMemory at 0x7ffd720c0000 of 64 bytes failed: 仅完成部分的 ReadProcessMemory 或 WriteProcessMemory 请求。 (0x12B)
[0506/004210.244:WARNING:pe_image_reader.cc(340)] could not read dos header from C:\WINDOWS\SYSTEM32\USERENV.dll
[0506/004210.244:ERROR:process_memory_win.cc(73)] ReadMemory at 0x7ffd721f0000 of 64 bytes failed: 仅完成部分的 ReadProcessMemory 或 WriteProcessMemory 请求。 (0x12B)
[0506/004210.244:WARNING:pe_image_reader.cc(340)] could not read dos header from C:\WINDOWS\System32\profapi.dll
[0506/004210.244:ERROR:process_memory_win.cc(73)] ReadMemory at 0x7ffd4a0d0000 of 64 bytes failed: 仅完成部分的 ReadProcessMemory 或 WriteProcessMemory 请求。 (0x12B)
[0506/004210.244:WARNING:pe_image_reader.cc(340)] could not read dos header from C:\WINDOWS\SYSTEM32\UIAutomationCore.DLL
[0506/004210.244:ERROR:process_memory_win.cc(73)] ReadMemory at 0x7ffd53630000 of 64 bytes failed: 仅完成部分的 ReadProcessMemory 或 WriteProcessMemory 请求。 (0x12B)
[0506/004210.244:WARNING:pe_image_reader.cc(340)] could not read dos header from C:\WINDOWS\SYSTEM32\DWrite.dll
[0506/004210.244:ERROR:process_memory_win.cc(73)] ReadMemory at 0x7ffd68c50000 of 64 bytes failed: 仅完成部分的 ReadProcessMemory 或 WriteProcessMemory 请求。 (0x12B)
[0506/004210.244:WARNING:pe_image_reader.cc(340)] could not read dos header from C:\WINDOWS\SYSTEM32\WINSPOOL.DRV
[0506/004210.244:ERROR:process_memory_win.cc(73)] ReadMemory at 0x7ffd721b0000 of 64 bytes failed: 仅完成部分的 ReadProcessMemory 或 WriteProcessMemory 请求。 (0x12B)
[0506/004210.244:WARNING:pe_image_reader.cc(340)] could not read dos header from C:\WINDOWS\System32\kernel.appcore.dll
[0506/004210.244:ERROR:process_memory_win.cc(73)] ReadMemory at 0x7ffd72540000 of 64 bytes failed: 仅完成部分的 ReadProcessMemory 或 WriteProcessMemory 请求。 (0x12B)
[0506/004210.244:WARNING:pe_image_reader.cc(340)] could not read dos header from C:\WINDOWS\System32\bcrypt.dll
[0506/004210.244:ERROR:process_memory_win.cc(73)] ReadMemory at 0x7ffd600b0000 of 64 bytes failed: 仅完成部分的 ReadProcessMemory 或 WriteProcessMemory 请求。 (0x12B)
[0506/004210.244:WARNING:pe_image_reader.cc(340)] could not read dos header from C:\WINDOWS\SYSTEM32\dbghelp.dll
[0506/004210.244:ERROR:process_memory_win.cc(73)] ReadMemory at 0x7ffd69a60000 of 64 bytes failed: 仅完成部分的 ReadProcessMemory 或 WriteProcessMemory 请求。 (0x12B)
[0506/004210.244:WARNING:pe_image_reader.cc(340)] could not read dos header from C:\WINDOWS\SYSTEM32\WINHTTP.dll
[0506/004210.244:ERROR:process_memory_win.cc(73)] ReadMemory at 0x7ffd6ac30000 of 64 bytes failed: 仅完成部分的 ReadProcessMemory 或 WriteProcessMemory 请求。 (0x12B)
[0506/004210.244:WARNING:pe_image_reader.cc(340)] could not read dos header from C:\WINDOWS\SYSTEM32\dhcpcsvc.DLL
[0506/004210.244:ERROR:process_memory_win.cc(73)] ReadMemory at 0x7ffd73fe0000 of 64 bytes failed: 仅完成部分的 ReadProcessMemory 或 WriteProcessMemory 请求。 (0x12B)
[0506/004210.244:WARNING:pe_image_reader.cc(340)] could not read dos header from C:\WINDOWS\System32\NSI.dll
[0506/004210.244:ERROR:process_memory_win.cc(73)] ReadMemory at 0x7ffd700e0000 of 64 bytes failed: 仅完成部分的 ReadProcessMemory 或 WriteProcessMemory 请求。 (0x12B)
[0506/004210.244:WARNING:pe_image_reader.cc(340)] could not read dos header from C:\WINDOWS\SYSTEM32\WINMMBASE.dll
[0506/004210.244:ERROR:process_memory_win.cc(73)] ReadMemory at 0x7ffd724f0000 of 64 bytes failed: 仅完成部分的 ReadProcessMemory 或 WriteProcessMemory 请求。 (0x12B)
[0506/004210.244:WARNING:pe_image_reader.cc(340)] could not read dos header from C:\WINDOWS\System32\cfgmgr32.dll
[0506/004210.244:ERROR:process_memory_win.cc(73)] ReadMemory at 0x7ffd6e810000 of 64 bytes failed: 仅完成部分的 ReadProcessMemory 或 WriteProcessMemory 请求。 (0x12B)
[0506/004210.244:WARNING:pe_image_reader.cc(340)] could not read dos header from C:\WINDOWS\SYSTEM32\PROPSYS.dll
[0506/004210.245:ERROR:process_memory_win.cc(73)] ReadMemory at 0x7ffd73a00000 of 64 bytes failed: 仅完成部分的 ReadProcessMemory 或 WriteProcessMemory 请求。 (0x12B)
[0506/004210.245:WARNING:pe_image_reader.cc(340)] could not read dos header from C:\WINDOWS\System32\shcore.dll
[0506/004210.245:ERROR:process_memory_win.cc(73)] ReadMemory at 0x7ffd72090000 of 64 bytes failed: 仅完成部分的 ReadProcessMemory 或 WriteProcessMemory 请求。 (0x12B)
[0506/004210.245:WARNING:pe_image_reader.cc(340)] could not read dos header from C:\WINDOWS\SYSTEM32\SSPICLI.DLL
[0506/004210.245:ERROR:process_memory_win.cc(73)] ReadMemory at 0x7ffd71be0000 of 64 bytes failed: 仅完成部分的 ReadProcessMemory 或 WriteProcessMemory 请求。 (0x12B)
[0506/004210.245:WARNING:pe_image_reader.cc(340)] could not read dos header from C:\WINDOWS\SYSTEM32\CRYPTBASE.DLL
[0506/004210.263:ERROR:process_memory_win.cc(73)] ReadMemory at 0xc3571e1000 of 126976 bytes failed: 仅完成部分的 ReadProcessMemory 或 WriteProcessMemory 请求。 (0x12B)
[0506/004210.264:ERROR:process_memory_win.cc(73)] ReadMemory at 0xc3579fd000 of 12288 bytes failed: 仅完成部分的 ReadProcessMemory 或 WriteProcessMemory 请求。 (0x12B)
[0506/004210.264:ERROR:process_memory_win.cc(73)] ReadMemory at 0xc3589fc000 of 16384 bytes failed: 仅完成部分的 ReadProcessMemory 或 WriteProcessMemory 请求。 (0x12B)
[0506/004210.264:ERROR:process_memory_win.cc(73)] ReadMemory at 0xc3591fc000 of 16384 bytes failed: 仅完成部分的 ReadProcessMemory 或 WriteProcessMemory 请求。 (0x12B)
[0506/004210.264:ERROR:process_memory_win.cc(73)] ReadMemory at 0xc3599ff000 of 4096 bytes failed: 仅完成部分的 ReadProcessMemory 或 WriteProcessMemory 请求。 (0x12B)
[0506/004210.264:ERROR:process_memory_win.cc(73)] ReadMemory at 0xc35a1fd000 of 12288 bytes failed: 仅完成部分的 ReadProcessMemory 或 WriteProcessMemory 请求。 (0x12B)
[0506/004210.264:ERROR:process_memory_win.cc(73)] ReadMemory at 0xc35a9fb000 of 20480 bytes failed: 仅完成部分的 ReadProcessMemory 或 WriteProcessMemory 请求。 (0x12B)
[0506/004210.264:ERROR:process_memory_win.cc(73)] ReadMemory at 0xc35b9fd000 of 12288 bytes failed: 仅完成部分的 ReadProcessMemory 或 WriteProcessMemory 请求。 (0x12B)
[0506/004210.264:ERROR:process_memory_win.cc(73)] ReadMemory at 0xc35c1f8000 of 32768 bytes failed: 仅完成部分的 ReadProcessMemory 或 WriteProcessMemory 请求。 (0x12B)
[0506/004210.264:ERROR:process_memory_win.cc(73)] ReadMemory at 0xc35c9fa000 of 24576 bytes failed: 仅完成部分的 ReadProcessMemory 或 WriteProcessMemory 请求。 (0x12B)
[0506/004210.264:ERROR:process_memory_win.cc(73)] ReadMemory at 0xc35d1fb000 of 20480 bytes failed: 仅完成部分的 ReadProcessMemory 或 WriteProcessMemory 请求。 (0x12B)
[0506/004210.264:ERROR:process_memory_win.cc(73)] ReadMemory at 0xc35e1fd000 of 12288 bytes failed: 仅完成部分的 ReadProcessMemory 或 WriteProcessMemory 请求。 (0x12B)
[0506/004210.265:ERROR:process_memory_win.cc(73)] ReadMemory at 0xc35d9fd000 of 12288 bytes failed: 仅完成部分的 ReadProcessMemory 或 WriteProcessMemory 请求。 (0x12B)
[0506/004210.265:ERROR:process_memory_win.cc(73)] ReadMemory at 0xc35686f000 of 852 bytes failed: 仅完成部分的 ReadProcessMemory 或 WriteProcessMemory 请求。 (0x12B)
[0506/004210.265:ERROR:process_memory_win.cc(73)] ReadMemory at 0xc356870000 of 6024 bytes failed: 仅完成部分的 ReadProcessMemory 或 WriteProcessMemory 请求。 (0x12B)
[0506/004210.265:ERROR:process_memory_win.cc(73)] ReadMemory at 0xc356872000 of 6024 bytes failed: 仅完成部分的 ReadProcessMemory 或 WriteProcessMemory 请求。 (0x12B)
[0506/004210.265:ERROR:process_memory_win.cc(73)] ReadMemory at 0xc356876000 of 6024 bytes failed: 仅完成部分的 ReadProcessMemory 或 WriteProcessMemory 请求。 (0x12B)
[0506/004210.265:ERROR:process_memory_win.cc(73)] ReadMemory at 0xc356878000 of 6024 bytes failed: 仅完成部分的 ReadProcessMemory 或 WriteProcessMemory 请求。 (0x12B)
[0506/004210.265:ERROR:process_memory_win.cc(73)] ReadMemory at 0xc35687a000 of 6024 bytes failed: 仅完成部分的 ReadProcessMemory 或 WriteProcessMemory 请求。 (0x12B)
[0506/004210.265:ERROR:process_memory_win.cc(73)] ReadMemory at 0xc35687c000 of 6024 bytes failed: 仅完成部分的 ReadProcessMemory 或 WriteProcessMemory 请求。 (0x12B)
[0506/004210.265:ERROR:process_memory_win.cc(73)] ReadMemory at 0xc35687e000 of 6024 bytes failed: 仅完成部分的 ReadProcessMemory 或 WriteProcessMemory 请求。 (0x12B)
[0506/004210.265:ERROR:process_memory_win.cc(73)] ReadMemory at 0xc356882000 of 6024 bytes failed: 仅完成部分的 ReadProcessMemory 或 WriteProcessMemory 请求。 (0x12B)
[0506/004210.265:ERROR:process_memory_win.cc(73)] ReadMemory at 0xc356884000 of 6024 bytes failed: 仅完成部分的 ReadProcessMemory 或 WriteProcessMemory 请求。 (0x12B)
[0506/004210.265:ERROR:process_memory_win.cc(73)] ReadMemory at 0xc356886000 of 6024 bytes failed: 仅完成部分的 ReadProcessMemory 或 WriteProcessMemory 请求。 (0x12B)
[0506/004210.265:ERROR:process_memory_win.cc(73)] ReadMemory at 0xc356888000 of 6024 bytes failed: 仅完成部分的 ReadProcessMemory 或 WriteProcessMemory 请求。 (0x12B)
[0506/004210.266:ERROR:process_memory_win.cc(73)] ReadMemory at 0xc3568b8000 of 6024 bytes failed: 仅完成部分的 ReadProcessMemory 或 WriteProcessMemory 请求。 (0x12B)
[0506/004210.266:ERROR:process_memory_win.cc(73)] ReadMemory at 0xc3568c4000 of 6024 bytes failed: 仅完成部分的 ReadProcessMemory 或 WriteProcessMemory 请求。 (0x12B)
[0506/004210.266:ERROR:process_memory_win.cc(73)] ReadMemory at 0x24685270fe0 of 19512 bytes failed: 仅完成部分的 ReadProcessMemory 或 WriteProcessMemory 请求。 (0x12B)
[0506/004210.266:ERROR:process_memory_win.cc(73)] ReadMemory at 0x24685275c20 of 1012 bytes failed: 仅完成部分的 ReadProcessMemory 或 WriteProcessMemory 请求。 (0x12B)
[0506/004210.266:ERROR:process_memory_win.cc(73)] ReadMemory at 0x24685276268 of 118 bytes failed: 仅完成部分的 ReadProcessMemory 或 WriteProcessMemory 请求。 (0x12B)
[0506/004210.266:ERROR:process_memory_win.cc(73)] ReadMemory at 0x246852762e0 of 812 bytes failed: 仅完成部分的 ReadProcessMemory 或 WriteProcessMemory 请求。 (0x12B)
[0506/004210.266:ERROR:process_memory_win.cc(73)] ReadMemory at 0x2468527660e of 118 bytes failed: 仅完成部分的 ReadProcessMemory 或 WriteProcessMemory 请求。 (0x12B)
[0506/004210.266:ERROR:process_memory_win.cc(73)] ReadMemory at 0x24685276686 of 96 bytes failed: 仅完成部分的 ReadProcessMemory 或 WriteProcessMemory 请求。 (0x12B)
[0506/004210.266:ERROR:process_memory_win.cc(73)] ReadMemory at 0x24685276700 of 58 bytes failed: 仅完成部分的 ReadProcessMemory 或 WriteProcessMemory 请求。 (0x12B)
[0506/004210.266:ERROR:process_memory_win.cc(73)] ReadMemory at 0x24685276800 of 132 bytes failed: 仅完成部分的 ReadProcessMemory 或 WriteProcessMemory 请求。 (0x12B)
[0506/004210.266:ERROR:process_memory_win.cc(73)] ReadMemory at 0x24685276990 of 132 bytes failed: 仅完成部分的 ReadProcessMemory 或 WriteProcessMemory 请求。 (0x12B)
[0506/004210.266:ERROR:process_memory_win.cc(73)] ReadMemory at 0x24685276b50 of 126 bytes failed: 仅完成部分的 ReadProcessMemory 或 WriteProcessMemory 请求。 (0x12B)
[0506/004210.266:ERROR:process_memory_win.cc(73)] ReadMemory at 0x24685276f30 of 132 bytes failed: 仅完成部分的 ReadProcessMemory 或 WriteProcessMemory 请求。 (0x12B)
[0506/004210.267:ERROR:process_memory_win.cc(73)] ReadMemory at 0x246852770c0 of 64 bytes failed: 仅完成部分的 ReadProcessMemory 或 WriteProcessMemory 请求。 (0x12B)
[0506/004210.267:ERROR:process_memory_win.cc(73)] ReadMemory at 0x24685277280 of 132 bytes failed: 仅完成部分的 ReadProcessMemory 或 WriteProcessMemory 请求。 (0x12B)
[0506/004210.267:ERROR:process_memory_win.cc(73)] ReadMemory at 0x24685277520 of 132 bytes failed: 仅完成部分的 ReadProcessMemory 或 WriteProcessMemory 请求。 (0x12B)
[0506/004210.267:ERROR:process_memory_win.cc(73)] ReadMemory at 0x246852776b0 of 68 bytes failed: 仅完成部分的 ReadProcessMemory 或 WriteProcessMemory 请求。 (0x12B)
[0506/004210.267:ERROR:process_memory_win.cc(73)] ReadMemory at 0x24685278650 of 146 bytes failed: 仅完成部分的 ReadProcessMemory 或 WriteProcessMemory 请求。 (0x12B)
[0506/004210.267:ERROR:process_memory_win.cc(73)] ReadMemory at 0x24685278730 of 132 bytes failed: 仅完成部分的 ReadProcessMemory 或 WriteProcessMemory 请求。 (0x12B)
[0506/004210.267:ERROR:process_memory_win.cc(73)] ReadMemory at 0x246852788c0 of 154 bytes failed: 仅完成部分的 ReadProcessMemory 或 WriteProcessMemory 请求。 (0x12B)
[0506/004210.267:ERROR:process_memory_win.cc(73)] ReadMemory at 0x24685279600 of 132 bytes failed: 仅完成部分的 ReadProcessMemory 或 WriteProcessMemory 请求。 (0x12B)
[0506/004210.267:ERROR:process_memory_win.cc(73)] ReadMemory at 0x246852797a0 of 132 bytes failed: 仅完成部分的 ReadProcessMemory 或 WriteProcessMemory 请求。 (0x12B)
[0506/004210.267:ERROR:process_memory_win.cc(73)] ReadMemory at 0x24685279930 of 60 bytes failed: 仅完成部分的 ReadProcessMemory 或 WriteProcessMemory 请求。 (0x12B)
[0506/004210.267:ERROR:process_memory_win.cc(73)] ReadMemory at 0x24685279f50 of 62 bytes failed: 仅完成部分的 ReadProcessMemory 或 WriteProcessMemory 请求。 (0x12B)
[0506/004210.267:ERROR:process_memory_win.cc(73)] ReadMemory at 0x2468527a16c of 512 bytes failed: 仅完成部分的 ReadProcessMemory 或 WriteProcessMemory 请求。 (0x12B)
[0506/004210.267:ERROR:process_memory_win.cc(73)] ReadMemory at 0x2468527b0c0 of 132 bytes failed: 仅完成部分的 ReadProcessMemory 或 WriteProcessMemory 请求。 (0x12B)
[0506/004210.268:ERROR:process_memory_win.cc(73)] ReadMemory at 0x2468527b2e0 of 132 bytes failed: 仅完成部分的 ReadProcessMemory 或 WriteProcessMemory 请求。 (0x12B)
[0506/004210.268:ERROR:process_memory_win.cc(73)] ReadMemory at 0x2468527b640 of 132 bytes failed: 仅完成部分的 ReadProcessMemory 或 WriteProcessMemory 请求。 (0x12B)
[0506/004210.268:ERROR:process_memory_win.cc(73)] ReadMemory at 0x2468527b850 of 132 bytes failed: 仅完成部分的 ReadProcessMemory 或 WriteProcessMemory 请求。 (0x12B)
[0506/004210.268:ERROR:process_memory_win.cc(73)] ReadMemory at 0x2468527bc60 of 132 bytes failed: 仅完成部分的 ReadProcessMemory 或 WriteProcessMemory 请求。 (0x12B)
[0506/004210.268:ERROR:process_memory_win.cc(73)] ReadMemory at 0x2468527bdf0 of 80 bytes failed: 仅完成部分的 ReadProcessMemory 或 WriteProcessMemory 请求。 (0x12B)
[0506/004210.268:ERROR:process_memory_win.cc(73)] ReadMemory at 0x2468527e450 of 62 bytes failed: 仅完成部分的 ReadProcessMemory 或 WriteProcessMemory 请求。 (0x12B)
[0506/004210.268:ERROR:process_memory_win.cc(73)] ReadMemory at 0x2468527e4a0 of 64 bytes failed: 仅完成部分的 ReadProcessMemory 或 WriteProcessMemory 请求。 (0x12B)
[0506/004210.268:ERROR:process_memory_win.cc(73)] ReadMemory at 0x2468527e720 of 60 bytes failed: 仅完成部分的 ReadProcessMemory 或 WriteProcessMemory 请求。 (0x12B)
[0506/004210.268:ERROR:process_memory_win.cc(73)] ReadMemory at 0x2468527e770 of 66 bytes failed: 仅完成部分的 ReadProcessMemory 或 WriteProcessMemory 请求。 (0x12B)
[0506/004210.268:ERROR:process_memory_win.cc(73)] ReadMemory at 0x2468527e7c0 of 60 bytes failed: 仅完成部分的 ReadProcessMemory 或 WriteProcessMemory 请求。 (0x12B)
[0506/004210.268:ERROR:process_memory_win.cc(73)] ReadMemory at 0x2468527e8b0 of 64 bytes failed: 仅完成部分的 ReadProcessMemory 或 WriteProcessMemory 请求。 (0x12B)
[0506/004210.269:ERROR:process_memory_win.cc(73)] ReadMemory at 0x2468527e950 of 62 bytes failed: 仅完成部分的 ReadProcessMemory 或 WriteProcessMemory 请求。 (0x12B)
[0506/004210.269:ERROR:process_memory_win.cc(73)] ReadMemory at 0x2468527e9f0 of 64 bytes failed: 仅完成部分的 ReadProcessMemory 或 WriteProcessMemory 请求。 (0x12B)
[0506/004210.269:ERROR:process_memory_win.cc(73)] ReadMemory at 0x2468527ea40 of 64 bytes failed: 仅完成部分的 ReadProcessMemory 或 WriteProcessMemory 请求。 (0x12B)
[0506/004210.269:ERROR:process_memory_win.cc(73)] ReadMemory at 0x2468527f010 of 60 bytes failed: 仅完成部分的 ReadProcessMemory 或 WriteProcessMemory 请求。 (0x12B)
[0506/004210.269:ERROR:process_memory_win.cc(73)] ReadMemory at 0x2468527f1a0 of 60 bytes failed: 仅完成部分的 ReadProcessMemory 或 WriteProcessMemory 请求。 (0x12B)
[0506/004210.269:ERROR:process_memory_win.cc(73)] ReadMemory at 0x2468527f1f0 of 62 bytes failed: 仅完成部分的 ReadProcessMemory 或 WriteProcessMemory 请求。 (0x12B)
[0506/004210.269:ERROR:process_memory_win.cc(73)] ReadMemory at 0x2468527f290 of 60 bytes failed: 仅完成部分的 ReadProcessMemory 或 WriteProcessMemory 请求。 (0x12B)
[0506/004210.269:ERROR:process_memory_win.cc(73)] ReadMemory at 0x2468527f420 of 62 bytes failed: 仅完成部分的 ReadProcessMemory 或 WriteProcessMemory 请求。 (0x12B)
[0506/004210.269:ERROR:process_memory_win.cc(73)] ReadMemory at 0x2468527f560 of 62 bytes failed: 仅完成部分的 ReadProcessMemory 或 WriteProcessMemory 请求。 (0x12B)
[0506/004210.269:ERROR:process_memory_win.cc(73)] ReadMemory at 0x2468527f600 of 62 bytes failed: 仅完成部分的 ReadProcessMemory 或 WriteProcessMemory 请求。 (0x12B)
[0506/004210.269:ERROR:process_memory_win.cc(73)] ReadMemory at 0x2468527f650 of 62 bytes failed: 仅完成部分的 ReadProcessMemory 或 WriteProcessMemory 请求。 (0x12B)
[0506/004210.269:ERROR:process_memory_win.cc(73)] ReadMemory at 0x2468527f740 of 64 bytes failed: 仅完成部分的 ReadProcessMemory 或 WriteProcessMemory 请求。 (0x12B)
[0506/004210.269:ERROR:process_memory_win.cc(73)] ReadMemory at 0x2468527f7e0 of 62 bytes failed: 仅完成部分的 ReadProcessMemory 或 WriteProcessMemory 请求。 (0x12B)
[0506/004210.269:ERROR:process_memory_win.cc(73)] ReadMemory at 0x2468527f830 of 66 bytes failed: 仅完成部分的 ReadProcessMemory 或 WriteProcessMemory 请求。 (0x12B)
[0506/004210.269:ERROR:process_memory_win.cc(73)] ReadMemory at 0x2468527f880 of 60 bytes failed: 仅完成部分的 ReadProcessMemory 或 WriteProcessMemory 请求。 (0x12B)
[0506/004210.270:ERROR:process_memory_win.cc(73)] ReadMemory at 0x2468527f9c0 of 64 bytes failed: 仅完成部分的 ReadProcessMemory 或 WriteProcessMemory 请求。 (0x12B)
[0506/004210.270:ERROR:process_memory_win.cc(73)] ReadMemory at 0x2468527fb50 of 62 bytes failed: 仅完成部分的 ReadProcessMemory 或 WriteProcessMemory 请求。 (0x12B)
[0506/004210.270:ERROR:process_memory_win.cc(73)] ReadMemory at 0x2468527fd30 of 64 bytes failed: 仅完成部分的 ReadProcessMemory 或 WriteProcessMemory 请求。 (0x12B)
[0506/004210.270:ERROR:process_memory_win.cc(73)] ReadMemory at 0x2468527fd80 of 64 bytes failed: 仅完成部分的 ReadProcessMemory 或 WriteProcessMemory 请求。 (0x12B)
[0506/004210.270:ERROR:process_memory_win.cc(73)] ReadMemory at 0x2468527fe20 of 62 bytes failed: 仅完成部分的 ReadProcessMemory 或 WriteProcessMemory 请求。 (0x12B)
[0506/004210.270:ERROR:process_memory_win.cc(73)] ReadMemory at 0x2468527fe70 of 58 bytes failed: 仅完成部分的 ReadProcessMemory 或 WriteProcessMemory 请求。 (0x12B)
[0506/004210.270:ERROR:process_memory_win.cc(73)] ReadMemory at 0x246852822c0 of 132 bytes failed: 仅完成部分的 ReadProcessMemory 或 WriteProcessMemory 请求。 (0x12B)
[0506/004210.270:ERROR:process_memory_win.cc(73)] ReadMemory at 0x246852823f0 of 132 bytes failed: 仅完成部分的 ReadProcessMemory 或 WriteProcessMemory 请求。 (0x12B)
[0506/004210.270:ERROR:process_memory_win.cc(73)] ReadMemory at 0x24685283dd0 of 132 bytes failed: 仅完成部分的 ReadProcessMemory 或 WriteProcessMemory 请求。 (0x12B)
[0506/004210.270:ERROR:process_memory_win.cc(73)] ReadMemory at 0x24685283f00 of 132 bytes failed: 仅完成部分的 ReadProcessMemory 或 WriteProcessMemory 请求。 (0x12B)
[0506/004210.270:ERROR:process_memory_win.cc(73)] ReadMemory at 0x24685284030 of 132 bytes failed: 仅完成部分的 ReadProcessMemory 或 WriteProcessMemory 请求。 (0x12B)
[0506/004210.270:ERROR:process_memory_win.cc(73)] ReadMemory at 0x24685284160 of 132 bytes failed: 仅完成部分的 ReadProcessMemory 或 WriteProcessMemory 请求。 (0x12B)
[0506/004210.270:ERROR:process_memory_win.cc(73)] ReadMemory at 0x24685284290 of 132 bytes failed: 仅完成部分的 ReadProcessMemory 或 WriteProcessMemory 请求。 (0x12B)
[0506/004210.270:ERROR:process_memory_win.cc(73)] ReadMemory at 0x246852843c0 of 132 bytes failed: 仅完成部分的 ReadProcessMemory 或 WriteProcessMemory 请求。 (0x12B)
[0506/004210.270:ERROR:process_memory_win.cc(73)] ReadMemory at 0x246852844f0 of 132 bytes failed: 仅完成部分的 ReadProcessMemory 或 WriteProcessMemory 请求。 (0x12B)
[0506/004210.270:ERROR:process_memory_win.cc(73)] ReadMemory at 0x24685284620 of 132 bytes failed: 仅完成部分的 ReadProcessMemory 或 WriteProcessMemory 请求。 (0x12B)
[0506/004210.271:ERROR:process_memory_win.cc(73)] ReadMemory at 0x24685284750 of 132 bytes failed: 仅完成部分的 ReadProcessMemory 或 WriteProcessMemory 请求。 (0x12B)
[0506/004210.271:ERROR:process_memory_win.cc(73)] ReadMemory at 0x246852849b0 of 132 bytes failed: 仅完成部分的 ReadProcessMemory 或 WriteProcessMemory 请求。 (0x12B)
[0506/004210.271:ERROR:process_memory_win.cc(73)] ReadMemory at 0x24685284ae0 of 132 bytes failed: 仅完成部分的 ReadProcessMemory 或 WriteProcessMemory 请求。 (0x12B)
[0506/004210.271:ERROR:process_memory_win.cc(73)] ReadMemory at 0x24685284c10 of 132 bytes failed: 仅完成部分的 ReadProcessMemory 或 WriteProcessMemory 请求。 (0x12B)
[0506/004210.271:ERROR:process_memory_win.cc(73)] ReadMemory at 0x246852850c0 of 132 bytes failed: 仅完成部分的 ReadProcessMemory 或 WriteProcessMemory 请求。 (0x12B)
[0506/004210.271:ERROR:process_memory_win.cc(73)] ReadMemory at 0x24685285820 of 132 bytes failed: 仅完成部分的 ReadProcessMemory 或 WriteProcessMemory 请求。 (0x12B)
[0506/004210.271:ERROR:process_memory_win.cc(73)] ReadMemory at 0x246852861d0 of 54 bytes failed: 仅完成部分的 ReadProcessMemory 或 WriteProcessMemory 请求。 (0x12B)
[0506/004210.271:ERROR:process_memory_win.cc(73)] ReadMemory at 0x246852878c0 of 132 bytes failed: 仅完成部分的 ReadProcessMemory 或 WriteProcessMemory 请求。 (0x12B)
[0506/004210.271:ERROR:process_memory_win.cc(73)] ReadMemory at 0x246852879f0 of 132 bytes failed: 仅完成部分的 ReadProcessMemory 或 WriteProcessMemory 请求。 (0x12B)
[0506/004210.271:ERROR:process_memory_win.cc(73)] ReadMemory at 0x24685287b20 of 132 bytes failed: 仅完成部分的 ReadProcessMemory 或 WriteProcessMemory 请求。 (0x12B)
[0506/004210.271:ERROR:process_memory_win.cc(73)] ReadMemory at 0x24685287c50 of 132 bytes failed: 仅完成部分的 ReadProcessMemory 或 WriteProcessMemory 请求。 (0x12B)
[0506/004210.271:ERROR:process_memory_win.cc(73)] ReadMemory at 0x24685288240 of 132 bytes failed: 仅完成部分的 ReadProcessMemory 或 WriteProcessMemory 请求。 (0x12B)
[0506/004210.272:ERROR:process_memory_win.cc(73)] ReadMemory at 0x24685288370 of 132 bytes failed: 仅完成部分的 ReadProcessMemory 或 WriteProcessMemory 请求。 (0x12B)
[0506/004210.272:ERROR:process_memory_win.cc(73)] ReadMemory at 0x24685288700 of 132 bytes failed: 仅完成部分的 ReadProcessMemory 或 WriteProcessMemory 请求。 (0x12B)
[0506/004210.272:ERROR:process_memory_win.cc(73)] ReadMemory at 0x24685288830 of 132 bytes failed: 仅完成部分的 ReadProcessMemory 或 WriteProcessMemory 请求。 (0x12B)
[0506/004210.272:ERROR:process_memory_win.cc(73)] ReadMemory at 0x24685288960 of 132 bytes failed: 仅完成部分的 ReadProcessMemory 或 WriteProcessMemory 请求。 (0x12B)
[0506/004210.272:ERROR:process_memory_win.cc(73)] ReadMemory at 0x24685288bc0 of 132 bytes failed: 仅完成部分的 ReadProcessMemory 或 WriteProcessMemory 请求。 (0x12B)
[0506/004210.272:ERROR:process_memory_win.cc(73)] ReadMemory at 0x2468528d380 of 80 bytes failed: 仅完成部分的 ReadProcessMemory 或 WriteProcessMemory 请求。 (0x12B)
[0506/004210.272:ERROR:process_memory_win.cc(73)] ReadMemory at 0x2468528d4a0 of 76 bytes failed: 仅完成部分的 ReadProcessMemory 或 WriteProcessMemory 请求。 (0x12B)
[0506/004210.272:ERROR:process_memory_win.cc(73)] ReadMemory at 0x2468528e680 of 512 bytes failed: 仅完成部分的 ReadProcessMemory 或 WriteProcessMemory 请求。 (0x12B)
[0506/004210.272:ERROR:process_memory_win.cc(73)] ReadMemory at 0x246852a4a70 of 512 bytes failed: 仅完成部分的 ReadProcessMemory 或 WriteProcessMemory 请求。 (0x12B)
[0506/004210.272:ERROR:process_memory_win.cc(73)] ReadMemory at 0x246852a4e10 of 512 bytes failed: 仅完成部分的 ReadProcessMemory 或 WriteProcessMemory 请求。 (0x12B)
[0506/004210.272:ERROR:process_memory_win.cc(73)] ReadMemory at 0x24685501480 of 512 bytes failed: 仅完成部分的 ReadProcessMemory 或 WriteProcessMemory 请求。 (0x12B)
[0506/004210.272:ERROR:process_memory_win.cc(73)] ReadMemory at 0x24685a22cd0 of 512 bytes failed: 仅完成部分的 ReadProcessMemory 或 WriteProcessMemory 请求。 (0x12B)
[0506/004210.272:ERROR:process_memory_win.cc(73)] ReadMemory at 0x24685a244c0 of 512 bytes failed: 仅完成部分的 ReadProcessMemory 或 WriteProcessMemory 请求。 (0x12B)
[0506/004210.272:ERROR:process_memory_win.cc(73)] ReadMemory at 0x24685a2c790 of 512 bytes failed: 仅完成部分的 ReadProcessMemory 或 WriteProcessMemory 请求。 (0x12B)
[0506/004210.273:ERROR:process_memory_win.cc(73)] ReadMemory at 0x24685a43430 of 712 bytes failed: 仅完成部分的 ReadProcessMemory 或 WriteProcessMemory 请求。 (0x12B)
[0506/004210.273:ERROR:process_memory_win.cc(73)] ReadMemory at 0x24687100000 of 384 bytes failed: 仅完成部分的 ReadProcessMemory 或 WriteProcessMemory 请求。 (0x12B)
[0506/004210.273:ERROR:process_memory_win.cc(73)] ReadMemory at 0x24687176220 of 512 bytes failed: 仅完成部分的 ReadProcessMemory 或 WriteProcessMemory 请求。 (0x12B)
[0506/004210.273:ERROR:process_memory_win.cc(73)] ReadMemory at 0x2468737d210 of 512 bytes failed: 仅完成部分的 ReadProcessMemory 或 WriteProcessMemory 请求。 (0x12B)
[0506/004210.273:ERROR:process_memory_win.cc(73)] ReadMemory at 0x246873e27e8 of 512 bytes failed: 仅完成部分的 ReadProcessMemory 或 WriteProcessMemory 请求。 (0x12B)
[0506/004210.273:ERROR:process_memory_win.cc(73)] ReadMemory at 0x246874a8150 of 512 bytes failed: 仅完成部分的 ReadProcessMemory 或 WriteProcessMemory 请求。 (0x12B)
[0506/004210.273:ERROR:process_memory_win.cc(73)] ReadMemory at 0x2468755b3d0 of 520 bytes failed: 仅完成部分的 ReadProcessMemory 或 WriteProcessMemory 请求。 (0x12B)
[0506/004210.273:ERROR:process_memory_win.cc(73)] ReadMemory at 0x24687e64870 of 512 bytes failed: 仅完成部分的 ReadProcessMemory 或 WriteProcessMemory 请求。 (0x12B)
[0506/004210.273:ERROR:process_memory_win.cc(73)] ReadMemory at 0x246913758d0 of 512 bytes failed: 仅完成部分的 ReadProcessMemory 或 WriteProcessMemory 请求。 (0x12B)
[0506/004210.273:ERROR:process_memory_win.cc(73)] ReadMemory at 0x7ffd7274a719 of 512 bytes failed: 仅完成部分的 ReadProcessMemory 或 WriteProcessMemory 请求。 (0x12B)
[0506/004210.273:ERROR:process_memory_win.cc(73)] ReadMemory at 0x7ffd7297b6e0 of 512 bytes failed: 仅完成部分的 ReadProcessMemory 或 WriteProcessMemory 请求。 (0x12B)
[0506/004210.273:ERROR:process_memory_win.cc(73)] ReadMemory at 0x7ffd7537c074 of 672 bytes failed: 仅完成部分的 ReadProcessMemory 或 WriteProcessMemory 请求。 (0x12B)
[0506/004210.273:ERROR:process_memory_win.cc(73)] ReadMemory at 0x7ffd7537c674 of 512 bytes failed: 仅完成部分的 ReadProcessMemory 或 WriteProcessMemory 请求。 (0x12B)
[0506/004210.274:ERROR:process_memory_win.cc(73)] ReadMemory at 0x7ffd7537f924 of 608 bytes failed: 仅完成部分的 ReadProcessMemory 或 WriteProcessMemory 请求。 (0x12B)
[0506/004210.274:ERROR:process_memory_win.cc(73)] ReadMemory at 0x7ffd7540c428 of 18 bytes failed: 仅完成部分的 ReadProcessMemory 或 WriteProcessMemory 请求。 (0x12B)
[0506/004210.274:ERROR:process_memory_win.cc(73)] ReadMemory at 0x7ffd7543f4f8 of 40 bytes failed: 仅完成部分的 ReadProcessMemory 或 WriteProcessMemory 请求。 (0x12B)
[0506/004210.274:ERROR:process_memory_win.cc(73)] ReadMemory at 0x7ffd7543f978 of 48 bytes failed: 仅完成部分的 ReadProcessMemory 或 WriteProcessMemory 请求。 (0x12B)
[0506/004210.274:ERROR:process_memory_win.cc(73)] ReadMemory at 0x7ffd754453c0 of 64 bytes failed: 仅完成部分的 ReadProcessMemory 或 WriteProcessMemory 请求。 (0x12B)
[0506/004210.275:ERROR:scoped_process_suspend.cc(40)] NtResumeProcess: 已尝试访问正在退出的过程。 (0xc000010a)
[0506/004231.329:ERROR:http_transport_win.cc(276)] WinHttpSendRequest: 操作成功完成。 (0x0)
[1101/145641.513:ERROR:crash_report_database_win.cc(428)] unexpected header
[1101/185409.788:ERROR:crash_report_database_win.cc(428)] unexpected header
[1101/190409.788:ERROR:crash_report_database_win.cc(428)] unexpected header
[1101/190409.789:ERROR:crash_report_database_win.cc(428)] unexpected header
[1101/190909.828:ERROR:crash_report_database_win.cc(428)] unexpected header
[1101/192409.829:ERROR:crash_report_database_win.cc(428)] unexpected header
[1101/193909.831:ERROR:crash_report_database_win.cc(428)] unexpected header
[1101/195409.832:ERROR:crash_report_database_win.cc(428)] unexpected header
[1101/200909.834:ERROR:crash_report_database_win.cc(428)] unexpected header
[1101/202409.834:ERROR:crash_report_database_win.cc(428)] unexpected header
[1101/203909.835:ERROR:crash_report_database_win.cc(428)] unexpected header
[1101/205409.836:ERROR:crash_report_database_win.cc(428)] unexpected header
[1101/210909.837:ERROR:crash_report_database_win.cc(428)] unexpected header
[1101/212409.838:ERROR:crash_report_database_win.cc(428)] unexpected header
[1101/213909.841:ERROR:crash_report_database_win.cc(428)] unexpected header
[1102/085541.796:ERROR:crash_report_database_win.cc(428)] unexpected header
[1102/090541.797:ERROR:crash_report_database_win.cc(428)] unexpected header
[1102/090541.797:ERROR:crash_report_database_win.cc(428)] unexpected header
[1102/091041.797:ERROR:crash_report_database_win.cc(428)] unexpected header
[1102/092541.797:ERROR:crash_report_database_win.cc(428)] unexpected header
[1102/094041.798:ERROR:crash_report_database_win.cc(428)] unexpected header
[1102/095541.799:ERROR:crash_report_database_win.cc(428)] unexpected header
[1102/130425.233:ERROR:crash_report_database_win.cc(428)] unexpected header
[1102/131425.239:ERROR:crash_report_database_win.cc(428)] unexpected header
[1102/131425.240:ERROR:crash_report_database_win.cc(428)] unexpected header
[1102/131925.319:ERROR:crash_report_database_win.cc(428)] unexpected header
[1102/133425.323:ERROR:crash_report_database_win.cc(428)] unexpected header
[1102/134925.330:ERROR:crash_report_database_win.cc(428)] unexpected header
[1102/140425.331:ERROR:crash_report_database_win.cc(428)] unexpected header
[1102/141925.331:ERROR:crash_report_database_win.cc(428)] unexpected header
[1102/143425.333:ERROR:crash_report_database_win.cc(428)] unexpected header
[1102/144925.334:ERROR:crash_report_database_win.cc(428)] unexpected header
[1102/150426.589:ERROR:crash_report_database_win.cc(428)] unexpected header
[1102/151926.589:ERROR:crash_report_database_win.cc(428)] unexpected header
[1102/153426.591:ERROR:crash_report_database_win.cc(428)] unexpected header
[1102/154926.592:ERROR:crash_report_database_win.cc(428)] unexpected header
[1102/160426.593:ERROR:crash_report_database_win.cc(428)] unexpected header
[1102/161926.593:ERROR:crash_report_database_win.cc(428)] unexpected header
[1102/163426.594:ERROR:crash_report_database_win.cc(428)] unexpected header
[1102/164926.594:ERROR:crash_report_database_win.cc(428)] unexpected header
[1102/170426.596:ERROR:crash_report_database_win.cc(428)] unexpected header
[1102/171926.616:ERROR:crash_report_database_win.cc(428)] unexpected header
[1102/173426.618:ERROR:crash_report_database_win.cc(428)] unexpected header
[1102/174926.619:ERROR:crash_report_database_win.cc(428)] unexpected header
[1102/180426.620:ERROR:crash_report_database_win.cc(428)] unexpected header
[1102/181926.620:ERROR:crash_report_database_win.cc(428)] unexpected header
[1102/183426.621:ERROR:crash_report_database_win.cc(428)] unexpected header
[1102/184926.622:ERROR:crash_report_database_win.cc(428)] unexpected header
[1102/190426.624:ERROR:crash_report_database_win.cc(428)] unexpected header
[1102/191926.626:ERROR:crash_report_database_win.cc(428)] unexpected header
[1102/193426.626:ERROR:crash_report_database_win.cc(428)] unexpected header
[1102/194926.627:ERROR:crash_report_database_win.cc(428)] unexpected header
[1102/200426.629:ERROR:crash_report_database_win.cc(428)] unexpected header
[1102/201926.630:ERROR:crash_report_database_win.cc(428)] unexpected header
[1102/203426.633:ERROR:crash_report_database_win.cc(428)] unexpected header
[1102/204926.635:ERROR:crash_report_database_win.cc(428)] unexpected header
[1102/210426.636:ERROR:crash_report_database_win.cc(428)] unexpected header
[1102/213103.901:ERROR:crash_report_database_win.cc(428)] unexpected header
[1102/222846.148:ERROR:crash_report_database_win.cc(428)] unexpected header
